0 info it worked if it ends with ok
1 verbose cli [ 'C:\\Program Files (x86)\\nodejs\\\\node.exe',
1 verbose cli   'C:\\Program Files (x86)\\nodejs\\node_modules\\npm\\bin\\npm-cli.js',
1 verbose cli   'run-script',
1 verbose cli   'updatedb' ]
2 info using npm@1.2.30
3 info using node@v0.10.11
4 verbose node symlink C:\Program Files (x86)\nodejs\\node.exe
5 verbose read json D:\KolabNX_Dev\kolabNX\kolabNodeServers\layoutNodeServer\package.json
6 error Error: ENOENT, open 'D:\KolabNX_Dev\kolabNX\kolabNodeServers\layoutNodeServer\package.json'
7 error If you need help, you may report this log at:
7 error     <http://github.com/isaacs/npm/issues>
7 error or email it to:
7 error     <npm-@googlegroups.com>
8 error System Windows_NT 6.1.7601
9 error command "C:\\Program Files (x86)\\nodejs\\\\node.exe" "C:\\Program Files (x86)\\nodejs\\node_modules\\npm\\bin\\npm-cli.js" "run-script" "updatedb"
10 error cwd D:\KolabNX_Dev\kolabNX\kolabNodeServers\layoutNodeServer
11 error node -v v0.10.11
12 error npm -v 1.2.30
13 error path D:\KolabNX_Dev\kolabNX\kolabNodeServers\layoutNodeServer\package.json
14 error code ENOENT
15 error errno 34
16 verbose exit [ 34, true ]
